2023-04-15 12:08:34,296 INFO my_function01->43: Все варианты ввода [41]
2023-04-15 12:08:39,109 INFO my_function01->43: Все варианты ввода [21]
2023-04-15 12:08:41,773 INFO my_function01->43: Все варианты ввода [12]
2023-04-15 12:08:51,981 INFO my_function01->43: Все варианты ввода [18]
2023-04-15 12:10:23,168 INFO my_function01->43: Все варианты ввода 5 - [12]
2023-04-15 12:10:25,516 INFO my_function01->43: Все варианты ввода 5 - [52]
2023-04-15 12:10:30,961 INFO my_function01->43: Все варианты ввода 5 - [34]
2023-04-15 12:10:35,240 INFO my_function01->43: Все варианты ввода 5 - [28]
2023-04-15 12:10:42,650 INFO my_function01->43: Все варианты ввода 5 - [16]
2023-04-15 12:11:45,461 INFO my_function01->43: Все варианты ввода 0 - [111]
2023-04-15 12:11:48,793 INFO my_function01->43: Все варианты ввода 1 - [12]
2023-04-15 12:11:50,308 INFO my_function01->43: Все варианты ввода 2 - [55]
2023-04-15 12:11:51,807 INFO my_function01->43: Все варианты ввода 3 - [55]
2023-04-15 12:11:54,121 INFO my_function01->43: Все варианты ввода 4 - [21]
2023-04-15 12:12:41,230 INFO my_function01->43: Все варианты ввода попытка 1 - [41]
2023-04-15 12:12:44,178 INFO my_function01->43: Все варианты ввода попытка 2 - [33]
2023-04-15 12:12:47,025 INFO my_function01->43: Все варианты ввода попытка 3 - [21]
2023-04-15 12:12:49,423 INFO my_function01->43: Все варианты ввода попытка 4 - [15]
2023-04-15 12:12:53,620 INFO my_function01->43: Все варианты ввода попытка 5 - [17]
2023-04-15 12:13:14,685 ERROR my_function01->40: Ошибка ввода invalid literal for int() with base 10: 'р'
2023-04-15 12:22:30,030 INFO my_function01->47: Все варианты ввода попытка 1 - [25]
2023-04-15 12:22:34,072 INFO my_function01->47: Все варианты ввода попытка 2 - [15]
2023-04-15 12:22:36,128 INFO my_function01->47: Все варианты ввода попытка 3 - [32]
2023-04-15 12:22:38,451 INFO my_function01->47: Все варианты ввода попытка 4 - [33]
2023-04-15 12:22:40,470 INFO my_function01->47: Все варианты ввода попытка 5 - [14]
2023-04-15 12:41:22,426 INFO my_function01->46: Все варианты ввода попытка 1 - [12]
2023-04-15 12:41:24,855 INFO my_function01->46: Все варианты ввода попытка 2 - [23]
2023-04-15 12:41:26,539 INFO my_function01->46: Все варианты ввода попытка 3 - [10]
2023-04-15 12:41:27,771 INFO my_function01->46: Все варианты ввода попытка 4 - [51]
2023-04-15 12:41:29,302 INFO my_function01->46: Все варианты ввода попытка 5 - [41]
2023-04-15 12:43:41,430 INFO my_function01->47: Все варианты ввода попытка 1 - [12]
2023-04-15 12:43:43,866 INFO my_function01->47: Все варианты ввода попытка 2 - [52]
2023-04-15 12:43:45,971 INFO my_function01->47: Все варианты ввода попытка 3 - [23]
2023-04-15 12:44:41,069 ERROR my_function01->44: Ошибка ввода invalid literal for int() with base 10: 'д'
